[2026-03-17 10:04:24] merlin-logger.DEBUG: The welcome step has been displayed [] []
[2026-03-17 10:05:00] merlin-logger.DEBUG: The license activation step has been displayed [] []
[2026-03-17 10:05:03] merlin-logger.DEBUG: The plugin installation step has been displayed [] []
[2026-03-17 10:05:07] merlin-logger.DEBUG: A plugin with the following data will be processed {"plugin_slug":"bravis-addons","message":"Installing"} []
[2026-03-17 10:05:18] merlin-logger.DEBUG: A plugin with the following data will be processed {"plugin_slug":"bravis-addons","message":"Installing"} []
[2026-03-17 10:05:19] merlin-logger.DEBUG: A plugin with the following data will be processed {"plugin_slug":"contact-form-7","message":"Installing"} []
[2026-03-17 10:05:33] merlin-logger.DEBUG: A plugin with the following data was processed {"plugin_slug":"contact-form-7"} []
[2026-03-17 10:05:33] merlin-logger.DEBUG: A plugin with the following data will be processed {"plugin_slug":"elementor","message":"Installing"} []
[2026-03-17 10:06:24] merlin-logger.DEBUG: A plugin with the following data was processed {"plugin_slug":"elementor"} []
[2026-03-17 10:06:25] merlin-logger.DEBUG: A plugin with the following data will be processed {"plugin_slug":"mailchimp-for-wp","message":"Installing"} []
[2026-03-17 10:06:37] merlin-logger.DEBUG: A plugin with the following data was processed {"plugin_slug":"mailchimp-for-wp"} []
[2026-03-17 10:06:38] merlin-logger.DEBUG: A plugin with the following data will be processed {"plugin_slug":"redux-framework","message":"Installing"} []
[2026-03-17 10:06:54] merlin-logger.DEBUG: A plugin with the following data was processed {"plugin_slug":"redux-framework"} []
[2026-03-17 10:06:55] merlin-logger.DEBUG: A plugin with the following data will be processed {"plugin_slug":"woocommerce","message":"Installing"} []
[2026-03-17 10:08:40] merlin-logger.DEBUG: A plugin with the following data was processed {"plugin_slug":"woocommerce"} []
[2026-03-17 10:08:43] merlin-logger.DEBUG: A plugin with the following data will be processed {"plugin_slug":"woo-smart-quick-view","message":"Installing"} []
[2026-03-17 10:09:04] merlin-logger.DEBUG: A plugin with the following data was processed {"plugin_slug":"woo-smart-quick-view"} []
[2026-03-17 10:09:06] merlin-logger.DEBUG: A plugin with the following data will be processed {"plugin_slug":"revslider","message":"Installing"} []
[2026-03-17 10:09:18] merlin-logger.DEBUG: A plugin with the following data will be processed {"plugin_slug":"revslider","message":"Installing"} []
[2026-03-17 10:09:19] merlin-logger.DEBUG: A plugin with the following data will be processed {"plugin_slug":"woo-smart-wishlist","message":"Installing"} []
[2026-03-17 10:09:36] merlin-logger.DEBUG: A plugin with the following data was processed {"plugin_slug":"woo-smart-wishlist"} []
[2026-03-17 10:09:44] merlin-logger.DEBUG: The content import step has been displayed [] []
[2026-03-17 10:09:54] merlin-logger.DEBUG: The plugin installation step has been displayed [] []
[2026-03-17 10:09:59] merlin-logger.DEBUG: A plugin with the following data will be processed {"plugin_slug":"bravis-addons","message":"Installing"} []
[2026-03-17 10:10:07] merlin-logger.DEBUG: A plugin with the following data will be processed {"plugin_slug":"bravis-addons","message":"Installing"} []
[2026-03-17 10:10:09] merlin-logger.DEBUG: A plugin with the following data will be processed {"plugin_slug":"revslider","message":"Installing"} []
[2026-03-17 10:10:17] merlin-logger.DEBUG: A plugin with the following data will be processed {"plugin_slug":"revslider","message":"Installing"} []
[2026-03-17 10:10:23] merlin-logger.DEBUG: The content import step has been displayed [] []
[2026-03-17 10:10:40] merlin-logger.DEBUG: The plugin installation step has been displayed [] []
[2026-03-17 10:10:45] merlin-logger.DEBUG: A plugin with the following data will be processed {"plugin_slug":"bravis-addons","message":"Installing"} []
[2026-03-17 10:11:00] merlin-logger.DEBUG: A plugin with the following data will be processed {"plugin_slug":"bravis-addons","message":"Installing"} []
[2026-03-17 10:11:02] merlin-logger.DEBUG: A plugin with the following data will be processed {"plugin_slug":"revslider","message":"Installing"} []
[2026-03-17 10:11:13] merlin-logger.DEBUG: A plugin with the following data will be processed {"plugin_slug":"revslider","message":"Installing"} []
[2026-03-17 10:11:20] merlin-logger.DEBUG: The content import step has been displayed [] []
[2026-03-17 10:12:18] merlin-logger.DEBUG: The plugin installation step has been displayed [] []
[2026-03-17 10:12:22] merlin-logger.DEBUG: A plugin with the following data will be processed {"plugin_slug":"bravis-addons","message":"Installing"} []
[2026-03-17 10:12:32] merlin-logger.DEBUG: A plugin with the following data will be processed {"plugin_slug":"bravis-addons","message":"Installing"} []
[2026-03-17 10:12:34] merlin-logger.DEBUG: A plugin with the following data will be processed {"plugin_slug":"revslider","message":"Installing"} []
[2026-03-17 10:12:47] merlin-logger.DEBUG: A plugin with the following data will be processed {"plugin_slug":"revslider","message":"Installing"} []
[2026-03-17 10:12:55] merlin-logger.DEBUG: The content import step has been displayed [] []
